{ = Inicio
== = OperadorRelacional
== = OperadorRelacional
= = Asignacion
*= = IncrementoTermino
%= = IncrementoTermino
/= = IncrementoTermino
> = Asignacion
> = Asignacion
== = OperadorRelacional
< = Asignacion
<= = OperadorRelacional
>= = OperadorRelacional
= = Asignacion
> = Asignacion
< = Asignacion
12345 = Numero
+= = IncrementoTermino
++ = IncrementoTermino
+ = Asignacion
& = OperadorTermino
! = OperadorTermino
- = OperadorTermino
= = Asignacion
+ = Asignacion
- = OperadorTermino
+ = Asignacion
- = OperadorTermino
- = OperadorTermino
- = OperadorTermino
- = OperadorTermino
- = OperadorTermino
% = Asignacion
% = Asignacion
/ = Asignacion
/ = Asignacion
* = Asignacion
* = Asignacion
++ = IncrementoTermino
+ = Asignacion
- = OperadorTermino
- = OperadorTermino
- = OperadorTermino
# = Caracter
radioDeLaCircunferencia= = OperadorRelacional
45 = Numero
; = FinSentencia
} = Fin
￿ = Caracter
"hola mundo"=cadena